20-06-2023 15:05:24 first argument - 1+2i
20-06-2023 15:05:36 subtract 2+2i
20-06-2023 15:05:38 Result - -1+0i
20-06-2023 15:18:49 first argument - 4+7i
20-06-2023 15:19:20 sum 2+2i
20-06-2023 15:19:25 Result - 6+9i
20-06-2023 15:28:37 first argument - 2+2i
20-06-2023 15:28:53 sum 2+2i
20-06-2023 15:28:58 Result - 4+4i
20-06-2023 15:29:19 first argument - 6+6i
20-06-2023 15:29:36 subtract 8+1i
20-06-2023 15:29:42 Result - -2+5i
20-06-2023 15:39:59 first argument - 2+2i
20-06-2023 15:40:29 Result - 2+2i
20-06-2023 15:42:43 first argument - 2+2i
20-06-2023 15:42:54 sum 2+2i
20-06-2023 15:42:57 Result - 4+4i
20-06-2023 15:43:31 first argument - 3+3i
20-06-2023 15:43:34 Result - 3+3i
20-06-2023 15:48:54 first argument - 2+2i
20-06-2023 15:55:02 first argument - 1+1i
20-06-2023 15:55:14 subtract 4+4i
20-06-2023 15:55:16 Result - -3+-3i
20-06-2023 20:46:48 first argument - 2+2i
20-06-2023 20:46:56 sum 8+7i
20-06-2023 20:46:59 Result - 10+9i
